<?xml version="1.0" encoding="UTF-8"?>
<!-- Generated by org.testng.reporters.JUnitXMLReporter -->
<testsuite hostname="Vigneshs-MacBook-Air-3.local" ignored="0" name="Test" tests="3" failures="0" timestamp="2024-05-09T19:35:50 IST" time="0.675" errors="0">
  <testcase name="@BeforeMethod precondition" time="-1.715263550403E9" classname="testNg.BaseClass">
    <failure type="org.testng.TestNGException" message="
Parameter &amp;apos;url&amp;apos; is required by BeforeMethod on method precondition but has not been marked @Optional or defined
in /Users/SDET/TestAutomation/Deletetestng.xml">
      <![CDATA[org.testng.TestNGException: 
Parameter 'url' is required by BeforeMethod on method precondition but has not been marked @Optional or defined
in /Users/SDET/TestAutomation/Deletetestng.xml
at org.testng.internal.Parameters.createParams(Parameters.java:270)
at org.testng.internal.Parameters.createParametersForMethod(Parameters.java:358)
at org.testng.internal.Parameters.createParameters(Parameters.java:700)
at org.testng.internal.Parameters.createConfigurationParameters(Parameters.java:168)
at org.testng.internal.ConfigInvoker.invokeConfigurations(ConfigInvoker.java:302)
at org.testng.internal.TestInvoker.runConfigMethods(TestInvoker.java:700)
at org.testng.internal.TestInvoker.invokeMethod(TestInvoker.java:527)
at org.testng.internal.TestInvoker.invokeTestMethod(TestInvoker.java:173)
at org.testng.internal.MethodRunner.runInSequence(MethodRunner.java:46)
at org.testng.internal.TestInvoker$MethodInvocationAgent.invoke(TestInvoker.java:824)
at org.testng.internal.TestInvoker.invokeTestMethods(TestInvoker.java:146)
at org.testng.internal.TestMethodWorker.invokeTestMethods(TestMethodWorker.java:146)
at org.testng.internal.TestMethodWorker.run(TestMethodWorker.java:128)
at java.util.ArrayList.forEach(ArrayList.java:1257)
at org.testng.TestRunner.privateRun(TestRunner.java:794)
at org.testng.TestRunner.run(TestRunner.java:596)
at org.testng.SuiteRunner.runTest(SuiteRunner.java:377)
at org.testng.SuiteRunner.runSequentially(SuiteRunner.java:371)
at org.testng.SuiteRunner.privateRun(SuiteRunner.java:332)
at org.testng.SuiteRunner.run(SuiteRunner.java:276)
at org.testng.SuiteRunnerWorker.runSuite(SuiteRunnerWorker.java:53)
at org.testng.SuiteRunnerWorker.run(SuiteRunnerWorker.java:96)
at org.testng.TestNG.runSuitesSequentially(TestNG.java:1212)
at org.testng.TestNG.runSuitesLocally(TestNG.java:1134)
at org.testng.TestNG.runSuites(TestNG.java:1063)
at org.testng.TestNG.run(TestNG.java:1031)
at org.testng.remote.AbstractRemoteTestNG.run(AbstractRemoteTestNG.java:115)
at org.testng.remote.RemoteTestNG.initAndRun(RemoteTestNG.java:251)
at org.testng.remote.RemoteTestNG.main(RemoteTestNG.java:77)
]]>
    </failure>
  </testcase> <!-- @BeforeMethod precondition -->
  <testcase name="@AfterMethod postconsition" time="-1.715263550421E9" classname="testNg.BaseClass">
    <skipped/>
  </testcase> <!-- @AfterMethod postconsition -->
  <testcase name="@BeforeMethod precondition" time="-1.715263550424E9" classname="testNg.BaseClass">
    <skipped/>
  </testcase> <!-- @BeforeMethod precondition -->
  <testcase name="@AfterMethod postconsition" time="-1.715263550431E9" classname="testNg.BaseClass">
    <skipped/>
  </testcase> <!-- @AfterMethod postconsition -->
  <testcase name="@BeforeMethod precondition" time="-1.715263550433E9" classname="testNg.BaseClass">
    <skipped/>
  </testcase> <!-- @BeforeMethod precondition -->
  <testcase name="@AfterMethod postconsition" time="-1.715263550439E9" classname="testNg.BaseClass">
    <skipped/>
  </testcase> <!-- @AfterMethod postconsition -->
  <testcase name="deleteLead" time="0.0" classname="testNg.DeleteLead">
    <skipped/>
  </testcase> <!-- deleteLead -->
  <testcase name="deleteLead" time="0.0" classname="testNg.DeleteLead">
    <skipped/>
  </testcase> <!-- deleteLead -->
  <testcase name="deleteLead" time="0.0" classname="testNg.DeleteLead">
    <skipped/>
  </testcase> <!-- deleteLead -->
</testsuite> <!-- Test -->
